2023-03-20 15:44:25,885 [INFO] com.example.student_managemnet_system.StudentManagemnetSystemApplication [main] Starting StudentManagemnetSystemApplication using Java 19.0.2 on LAPTOP-CSU5MTCI with PID 3772 (G:\Student_Managemnet_System\target\classes started by asus in G:\Student_Managemnet_System)
2023-03-20 15:44:25,888 [DEBUG] com.example.student_managemnet_system.StudentManagemnetSystemApplication [main] Running with Spring Boot v2.7.8, Spring v5.3.25
2023-03-20 15:44:25,889 [INFO] com.example.student_managemnet_system.StudentManagemnetSystemApplication [main] No active profile set, falling back to 1 default profile: "default"
2023-03-20 15:44:27,257 [INFO] org.springframework.data.repository.config.RepositoryConfigurationDelegate [main] Bootstrapping Spring Data JPA repositories in DEFAULT mode.
2023-03-20 15:44:27,485 [INFO] org.springframework.data.repository.config.RepositoryConfigurationDelegate [main] Finished Spring Data repository scanning in 210 ms. Found 1 JPA repository interfaces.
2023-03-20 15:44:28,193 [INFO] org.springframework.boot.web.embedded.tomcat.TomcatWebServer [main] Tomcat initialized with port(s): 8084 (http)
2023-03-20 15:44:28,206 [INFO] org.apache.catalina.core.StandardService [main] Starting service [Tomcat]
2023-03-20 15:44:28,206 [INFO] org.apache.catalina.core.StandardEngine [main] Starting Servlet engine: [Apache Tomcat/9.0.71]
2023-03-20 15:44:28,317 [INFO] org.apache.catalina.core.ContainerBase.[Tomcat].[localhost].[/] [main] Initializing Spring embedded WebApplicationContext
2023-03-20 15:44:28,318 [INFO] org.springframework.boot.web.servlet.context.ServletWebServerApplicationContext [main] Root WebApplicationContext: initialization completed in 2356 ms
2023-03-20 15:44:28,502 [INFO] org.hibernate.jpa.internal.util.LogHelper [main] HHH000204: Processing PersistenceUnitInfo [name: default]
2023-03-20 15:44:28,569 [INFO] org.hibernate.Version [main] HHH000412: Hibernate ORM core version 5.6.14.Final
2023-03-20 15:44:28,734 [INFO] org.hibernate.annotations.common.Version [main] HCANN000001: Hibernate Commons Annotations {5.1.2.Final}
2023-03-20 15:44:28,837 [INFO] com.zaxxer.hikari.HikariDataSource [main] HikariPool-1 - Starting...
2023-03-20 15:44:29,249 [INFO] com.zaxxer.hikari.HikariDataSource [main] HikariPool-1 - Start completed.
2023-03-20 15:44:29,284 [INFO] org.hibernate.dialect.Dialect [main] HHH000400: Using dialect: org.hibernate.dialect.MySQL8Dialect
2023-03-20 15:44:29,905 [INFO] org.hibernate.engine.transaction.jta.platform.internal.JtaPlatformInitiator [main] HHH000490: Using JtaPlatform implementation: [org.hibernate.engine.transaction.jta.platform.internal.NoJtaPlatform]
2023-03-20 15:44:29,916 [INFO] org.springframework.orm.jpa.LocalContainerEntityManagerFactoryBean [main] Initialized JPA EntityManagerFactory for persistence unit 'default'
2023-03-20 15:44:30,182 [WARN] org.springframework.boot.autoconfigure.orm.jpa.JpaBaseConfiguration$JpaWebConfiguration [main] spring.jpa.open-in-view is enabled by default. Therefore, database queries may be performed during view rendering. Explicitly configure spring.jpa.open-in-view to disable this warning
2023-03-20 15:44:30,536 [INFO] org.springframework.boot.web.embedded.tomcat.TomcatWebServer [main] Tomcat started on port(s): 8084 (http) with context path ''
2023-03-20 15:44:30,546 [INFO] com.example.student_managemnet_system.StudentManagemnetSystemApplication [main] Started StudentManagemnetSystemApplication in 5.184 seconds (JVM running for 6.133)
2023-03-20 15:46:45,730 [INFO] org.apache.catalina.core.ContainerBase.[Tomcat].[localhost].[/] [http-nio-8084-exec-2] Initializing Spring DispatcherServlet 'dispatcherServlet'
2023-03-20 15:46:45,731 [INFO] org.springframework.web.servlet.DispatcherServlet [http-nio-8084-exec-2] Initializing Servlet 'dispatcherServlet'
2023-03-20 15:46:45,734 [INFO] org.springframework.web.servlet.DispatcherServlet [http-nio-8084-exec-2] Completed initialization in 3 ms
2023-03-20 15:46:45,830 [TRACE] com.example.student_managemnet_system.controller.UserController [http-nio-8084-exec-2] List of all Students in the System!
2023-03-20 15:46:50,280 [TRACE] com.example.student_managemnet_system.controller.UserController [http-nio-8084-exec-3] List of all Students in the System!
2023-03-20 15:46:50,302 [TRACE] com.example.student_managemnet_system.controller.UserController [http-nio-8084-exec-4] List of all Students in the System!
2023-03-20 15:46:50,318 [TRACE] com.example.student_managemnet_system.controller.UserController [http-nio-8084-exec-5] List of all Students in the System!
2023-03-20 15:46:56,059 [TRACE] com.example.student_managemnet_system.controller.UserController [http-nio-8084-exec-7] List of all Students in the System!
2023-03-20 15:46:56,072 [TRACE] com.example.student_managemnet_system.controller.UserController [http-nio-8084-exec-8] List of all Students in the System!
2023-03-20 17:23:16,739 [WARN] com.zaxxer.hikari.pool.HikariPool [HikariPool-1 housekeeper] HikariPool-1 - Thread starvation or clock leap detected (housekeeper delta=48m19s518ms782µs100ns).
2023-03-20 18:47:50,539 [WARN] com.zaxxer.hikari.pool.HikariPool [HikariPool-1 housekeeper] HikariPool-1 - Thread starvation or clock leap detected (housekeeper delta=1h14m3s479ms668µs900ns).
2023-03-20 19:31:34,588 [WARN] com.zaxxer.hikari.pool.HikariPool [HikariPool-1 housekeeper] HikariPool-1 - Thread starvation or clock leap detected (housekeeper delta=18m13s458ms585µs500ns).
2023-03-20 20:12:04,264 [WARN] com.zaxxer.hikari.pool.HikariPool [HikariPool-1 housekeeper] HikariPool-1 - Thread starvation or clock leap detected (housekeeper delta=59s754ms408µs800ns).
